<?xml version="1.0" encoding="UTF-8"?>
<!-- Generated by org.testng.reporters.JUnitXMLReporter -->
<testsuite ignored="0" hostname="sujit" failures="0" tests="8" name="Test" time="0.313" errors="0" timestamp="2024-08-25T10:51:50 IST">
  <testcase classname="api.test.UserTest" name="@BeforeTest createData" time="0.146">
    <failure type="java.lang.NullPointerException" message="Cannot invoke &amp;quot;api.Payload.userPayload.setId(int)&amp;quot; because &amp;quot;this.payload&amp;quot; is null">
      <![CDATA[java.lang.NullPointerException: Cannot invoke "api.Payload.userPayload.setId(int)" because "this.payload" is null
at api.test.UserTest.createData(UserTest.java:21)
... Removed 24 stack frames]]>
    </failure>
  </testcase> <!-- @BeforeTest createData -->
  <testcase classname="api.test.petTest" name="@BeforeTest createPetData" time="0.0">
    <skipped/>
  </testcase> <!-- @BeforeTest createPetData -->
  <testcase classname="api.test.UserTest" name="createUserTest" time="0.001">
    <skipped/>
  </testcase> <!-- createUserTest -->
  <testcase classname="api.test.UserTest" name="updateUserTest" time="0.0">
    <skipped/>
  </testcase> <!-- updateUserTest -->
  <testcase classname="api.test.UserTest" name="getUserTest" time="0.0">
    <skipped/>
  </testcase> <!-- getUserTest -->
  <testcase classname="api.test.UserTest" name="deleteUserTest" time="0.0">
    <skipped/>
  </testcase> <!-- deleteUserTest -->
  <testcase classname="api.test.petTest" name="createPetTest" time="0.0">
    <skipped/>
  </testcase> <!-- createPetTest -->
  <testcase classname="api.test.petTest" name="updatePetTest" time="0.0">
    <skipped/>
  </testcase> <!-- updatePetTest -->
  <testcase classname="api.test.petTest" name="getPetTest" time="0.0">
    <skipped/>
  </testcase> <!-- getPetTest -->
  <testcase classname="api.test.petTest" name="deletePetTest" time="0.0">
    <skipped/>
  </testcase> <!-- deletePetTest -->
</testsuite> <!-- Test -->
